<?xml version="1.0" encoding="UTF-8"?>
<!-- Generated by org.testng.reporters.JUnitReportReporter -->
<testsuite hostname="MSI" failures="0" tests="1" name="Kloudship_Package.Base" time="3.979" errors="0" timestamp="2025-01-22T18:28:45 IST" skipped="0">
  <testcase classname="Kloudship_Package.Base" name="Login" time="3.979"/>
</testsuite> <!-- Kloudship_Package.Base -->
