<?xml version="1.0" encoding="UTF-8"?>
<!-- Generated by org.testng.reporters.JUnitReportReporter -->
<testsuite hostname="MSI" failures="0" tests="2" name="Kloudship_Package.Add_Package" time="4.037" errors="0" timestamp="2025-01-22T19:43:18 IST" skipped="0">
  <testcase classname="Kloudship_Package.Add_Package" name="Navigate_Package" time="2.817"/>
  <testcase classname="Kloudship_Package.Add_Package" name="Package_Creation" time="1.220"/>
</testsuite> <!-- Kloudship_Package.Add_Package -->
